<?xml version="1.0" encoding="UTF-8"?>
<testsuite xmlns:xsi="http://www.w3.org/2001/XMLSchema-instance" xsi:noNamespaceSchemaLocation="https://maven.apache.org/surefire/maven-surefire-plugin/xsd/surefire-test-report-3.0.xsd" version="3.0" name="me.raveenaingale.springsecurity.SpringSecurityApplicationTests" time="3.962" tests="1" errors="0" skipped="0" failures="0">
  <properties>
[...]
</properties>
  <testcase name="contextLoads" classname="me.raveenaingale.springsecurity.SpringSecurityApplicationTests" time="0.899">
    <system-out><![CDATA[18:12:33.342 [main] INFO org.springframework.test.context.support.AnnotationConfigContextLoaderUtils -- Could not detect default configuration classes for test class [me.raveenaingale.springsecurity.SpringSecurityApplicationTests]: SpringSecurityApplicationTests does not declare any static, non-private, non-final, nested classes annotated with @Configuration.
18:12:33.471 [main] INFO org.springframework.boot.test.context.SpringBootTestContextBootstrapper -- Found @SpringBootConfiguration me.raveenaingale.springsecurity.SpringSecurityApplication for test class me.raveenaingale.springsecurity.SpringSecurityApplicationTests

  .   ____          _            __ _ _
 /\\ / ___'_ __ _ _(_)_ __  __ _ \ \ \ \
( ( )\___ | '_ | '_| | '_ \/ _` | \ \ \ \
 \\/  ___)| |_)| | | | | || (_| |  ) ) ) )
  '  |____| .__|_| |_|_| |_\__, | / / / /
 =========|_|==============|___/=/_/_/_/
 :: Spring Boot ::                (v3.2.1)

2024-01-05T18:12:33.950-05:00  INFO 27125 --- [           main] m.r.s.SpringSecurityApplicationTests     : Starting SpringSecurityApplicationTests using Java 17.0.8.1 with PID 27125 (started by ingale.r in /Users/ingale.r/code/spring-security)
2024-01-05T18:12:33.953-05:00  INFO 27125 --- [           main] m.r.s.SpringSecurityApplicationTests     : No active profile set, falling back to 1 default profile: "default"
2024-01-05T18:12:35.971-05:00  WARN 27125 --- [           main] .s.s.UserDetailsServiceAutoConfiguration : 

Using generated security password: 0a9f0eec-f1e2-4363-a99a-2b60d7abf578

This generated password is for development use only. Your security configuration must be updated before running your application in production.

2024-01-05T18:12:36.072-05:00  INFO 27125 --- [           main] o.s.s.web.DefaultSecurityFilterChain     : Will secure any request with [org.springframework.security.web.session.DisableEncodeUrlFilter@f2a1813, org.springframework.security.web.context.request.async.WebAsyncManagerIntegrationFilter@79f90a3a, org.springframework.security.web.context.SecurityContextHolderFilter@3520963d, org.springframework.security.web.header.HeaderWriterFilter@6e60f18, org.springframework.web.filter.CorsFilter@22bdb1d0, org.springframework.security.web.csrf.CsrfFilter@4d157493, org.springframework.security.web.authentication.logout.LogoutFilter@78ec89a6, org.springframework.security.web.authentication.UsernamePasswordAuthenticationFilter@3fa7df1, org.springframework.security.web.authentication.ui.DefaultLoginPageGeneratingFilter@26837057, org.springframework.security.web.authentication.ui.DefaultLogoutPageGeneratingFilter@67b355c8, org.springframework.security.web.authentication.www.BasicAuthenticationFilter@4116f66a, org.springframework.security.web.savedrequest.RequestCacheAwareFilter@1cd43562, org.springframework.security.web.servletapi.SecurityContextHolderAwareRequestFilter@59939293, org.springframework.security.web.authentication.AnonymousAuthenticationFilter@388623ad, org.springframework.security.web.access.ExceptionTranslationFilter@60df7989, org.springframework.security.web.access.intercept.AuthorizationFilter@1d02af26]
2024-01-05T18:12:36.138-05:00  INFO 27125 --- [           main] m.r.s.SpringSecurityApplicationTests     : Started SpringSecurityApplicationTests in 2.533 seconds (process running for 3.681)
]]></system-out>
  </testcase>
</testsuite>